<?xml version="1.0" encoding="UTF-8"?>
<testsuite name="com.carmona.admin.catalog.domain.CategoryTest" tests="1" skipped="0" failures="0" errors="0" timestamp="2023-01-18T02:13:22" hostname="DESKTOP-51TM328" time="0.008">
  <properties/>
  <testcase name="testNewCategory()" classname="com.carmona.admin.catalog.domain.CategoryTest" time="0.008"/>
  <system-out><![CDATA[]]></system-out>
  <system-err><![CDATA[]]></system-err>
</testsuite>
